{"level":"info","message":"GET request received at endpoint /products","timestamp":"2023-02-18T20:47:57.051Z"}
{"level":"info","message":"GET request received at endpoint /products","timestamp":"2023-02-18T20:47:57.684Z"}
{"level":"info","message":"POST request received at endpoint /cart","timestamp":"2023-02-18T20:48:14.343Z"}
{"level":"info","message":"POST request received at endpoint /cart","timestamp":"2023-02-18T20:48:18.483Z"}
{"level":"info","message":"POST request received at endpoint /cart","timestamp":"2023-02-18T20:48:22.829Z"}
{"level":"info","message":"POST request received at endpoint /cart","timestamp":"2023-02-18T20:48:23.532Z"}
{"level":"info","message":"POST request received at endpoint /cart","timestamp":"2023-02-18T20:48:24.100Z"}
{"level":"info","message":"POST request received at endpoint /cart","timestamp":"2023-02-18T20:48:24.727Z"}
{"level":"info","message":"POST request received at endpoint /cart","timestamp":"2023-02-18T20:48:25.693Z"}
{"level":"info","message":"POST request received at endpoint /cart","timestamp":"2023-02-18T20:48:27.145Z"}
{"level":"info","message":"POST request received at endpoint /cart","timestamp":"2023-02-18T20:48:28.109Z"}
{"level":"info","message":"PATCH request received at endpoint /cart","timestamp":"2023-02-18T20:48:29.867Z"}
{"level":"info","message":"POST request received at endpoint /cart","timestamp":"2023-02-18T20:48:30.522Z"}
{"level":"info","message":"PATCH request received at endpoint /cart","timestamp":"2023-02-18T20:48:30.961Z"}
{"level":"info","message":"POST request received at endpoint /cart","timestamp":"2023-02-18T20:48:31.421Z"}
{"level":"info","message":"PATCH request received at endpoint /cart","timestamp":"2023-02-18T20:48:31.531Z"}
{"level":"info","message":"POST request received at endpoint /cart","timestamp":"2023-02-18T20:48:31.737Z"}
{"level":"info","message":"PATCH request received at endpoint /cart","timestamp":"2023-02-18T20:48:31.933Z"}
{"level":"info","message":"POST request received at endpoint /cart","timestamp":"2023-02-18T20:48:32.208Z"}
{"level":"info","message":"PATCH request received at endpoint /cart","timestamp":"2023-02-18T20:48:32.538Z"}
{"level":"info","message":"POST request received at endpoint /cart","timestamp":"2023-02-18T20:48:32.770Z"}
{"level":"info","message":"PATCH request received at endpoint /cart","timestamp":"2023-02-18T20:48:32.970Z"}
{"level":"info","message":"GET request received at endpoint /products/2","timestamp":"2023-02-18T20:48:34.203Z"}
{"level":"info","message":"GET request received at endpoint /products/2","timestamp":"2023-02-18T20:48:34.429Z"}
{"level":"info","message":"GET request received at endpoint /products","timestamp":"2023-02-18T20:48:36.378Z"}
{"level":"info","message":"GET request received at endpoint /products","timestamp":"2023-02-18T20:48:36.546Z"}
{"level":"info","message":"GET request received at endpoint /products","timestamp":"2023-02-18T20:49:45.751Z"}
{"level":"info","message":"GET request received at endpoint /products","timestamp":"2023-02-18T20:49:46.304Z"}
{"level":"info","message":"POST request received at endpoint /cart","timestamp":"2023-02-18T20:49:50.630Z"}
{"level":"info","message":"POST request received at endpoint /cart","timestamp":"2023-02-18T20:49:51.387Z"}
{"level":"info","message":"POST request received at endpoint /cart","timestamp":"2023-02-18T20:49:51.805Z"}
{"level":"info","message":"PATCH request received at endpoint /cart","timestamp":"2023-02-18T20:49:52.122Z"}
{"level":"info","message":"POST request received at endpoint /cart","timestamp":"2023-02-18T20:49:52.801Z"}
{"level":"info","message":"GET request received at endpoint /cart","timestamp":"2023-02-18T20:49:53.531Z"}
{"level":"info","message":"GET request received at endpoint /cart","timestamp":"2023-02-18T20:49:53.549Z"}
{"level":"info","message":"GET request received at endpoint /products","timestamp":"2023-02-18T20:49:58.716Z"}
{"level":"info","message":"GET request received at endpoint /products","timestamp":"2023-02-18T20:49:58.957Z"}
{"level":"info","message":"POST request received at endpoint /cart","timestamp":"2023-02-18T20:49:59.934Z"}
{"level":"info","message":"POST request received at endpoint /cart","timestamp":"2023-02-18T20:50:00.338Z"}
{"level":"info","message":"GET request received at endpoint /products","timestamp":"2023-02-19T00:05:36.081Z"}
{"level":"info","message":"GET request received at endpoint /products","timestamp":"2023-02-19T00:05:37.908Z"}
{"level":"info","message":"GET request received at endpoint /products","timestamp":"2023-02-19T00:08:03.754Z"}
{"level":"info","message":"GET request received at endpoint /products","timestamp":"2023-02-19T00:08:04.905Z"}
{"level":"info","message":"GET request received at endpoint /products","timestamp":"2023-02-19T00:08:16.909Z"}
{"level":"info","message":"GET request received at endpoint /products","timestamp":"2023-02-19T00:08:17.371Z"}
{"level":"info","message":"GET request received at endpoint /products","timestamp":"2023-02-19T00:08:23.849Z"}
{"level":"info","message":"GET request received at endpoint /products","timestamp":"2023-02-19T00:08:24.174Z"}
{"level":"info","message":"POST request received at endpoint /login","timestamp":"2023-02-19T00:09:03.009Z"}
{"level":"info","message":"GET request received at endpoint /products","timestamp":"2023-02-19T00:09:04.731Z"}
{"level":"info","message":"GET request received at endpoint /products","timestamp":"2023-02-19T00:09:04.991Z"}
{"level":"info","message":"GET request received at endpoint /products","timestamp":"2023-02-19T00:09:12.146Z"}
{"level":"info","message":"GET request received at endpoint /products","timestamp":"2023-02-19T00:09:12.840Z"}
{"level":"info","message":"GET request received at endpoint /products","timestamp":"2023-02-19T00:32:54.964Z"}
{"level":"info","message":"GET request received at endpoint /products","timestamp":"2023-02-19T00:32:55.619Z"}
{"level":"info","message":"GET request received at endpoint /customer/profile","timestamp":"2023-02-19T00:32:57.041Z"}
{"level":"info","message":"GET request received at endpoint /customer/profile","timestamp":"2023-02-19T00:32:57.240Z"}
{"level":"info","message":"GET request received at endpoint /customer/profile","timestamp":"2023-02-19T00:35:09.928Z"}
{"level":"info","message":"GET request received at endpoint /customer/profile","timestamp":"2023-02-19T00:35:10.391Z"}
{"level":"info","message":"GET request received at endpoint /customer/profile","timestamp":"2023-02-19T00:35:37.746Z"}
{"level":"info","message":"GET request received at endpoint /customer/profile","timestamp":"2023-02-19T00:35:46.427Z"}
{"level":"info","message":"GET request received at endpoint /customer/profile","timestamp":"2023-02-19T00:35:46.653Z"}
{"level":"info","message":"GET request received at endpoint /customer/profile","timestamp":"2023-02-19T00:36:07.250Z"}
{"level":"info","message":"PATCH request received at endpoint /customer/profile","timestamp":"2023-02-19T00:36:14.596Z"}
{"level":"info","message":"POST request received at endpoint /login","timestamp":"2023-02-19T00:37:11.794Z"}
{"level":"info","message":"GET request received at endpoint /products","timestamp":"2023-02-19T00:37:13.610Z"}
{"level":"info","message":"GET request received at endpoint /products","timestamp":"2023-02-19T00:37:14.112Z"}
{"level":"info","message":"GET request received at endpoint /customer/profile","timestamp":"2023-02-19T00:37:15.590Z"}
{"level":"info","message":"GET request received at endpoint /customer/profile","timestamp":"2023-02-19T00:37:15.765Z"}
{"level":"info","message":"PATCH request received at endpoint /customer/profile","timestamp":"2023-02-19T00:37:17.663Z"}
{"level":"info","message":"PATCH request received at endpoint /customer/profile","timestamp":"2023-02-19T00:39:53.642Z"}
{"level":"info","message":"PATCH request received at endpoint /customer/profile","timestamp":"2023-02-19T00:40:08.073Z"}
{"level":"info","message":"PATCH request received at endpoint /customer/profile","timestamp":"2023-02-19T00:42:25.590Z"}
{"level":"info","message":"PATCH request received at endpoint /customer/profile","timestamp":"2023-02-19T00:46:01.977Z"}
{"level":"info","message":"PATCH request received at endpoint /customer/profile","timestamp":"2023-02-19T00:47:55.156Z"}
{"level":"info","message":"PATCH request received at endpoint /customer/profile","timestamp":"2023-02-19T00:48:38.738Z"}
{"level":"info","message":"PATCH request received at endpoint /customer/profile","timestamp":"2023-02-19T00:49:06.834Z"}
{"level":"info","message":"PATCH request received at endpoint /customer/profile","timestamp":"2023-02-19T00:51:55.857Z"}
{"level":"info","message":"PATCH request received at endpoint /customer/profile","timestamp":"2023-02-19T01:06:53.828Z"}
{"level":"info","message":"PATCH request received at endpoint /customer/profile","timestamp":"2023-02-19T01:07:24.677Z"}
{"level":"info","message":"POST request received at endpoint /customer/profile","timestamp":"2023-02-19T01:58:55.400Z"}
{"level":"info","message":"POST request received at endpoint /customer/profile","timestamp":"2023-02-19T02:00:04.638Z"}
{"level":"info","message":"PATCH request received at endpoint /customer/profile","timestamp":"2023-02-19T02:03:16.204Z"}
{"level":"info","message":"GET request received at endpoint /customer/profile","timestamp":"2023-02-19T02:03:34.348Z"}
{"level":"info","message":"GET request received at endpoint /customer/profile","timestamp":"2023-02-19T02:05:46.233Z"}
{"level":"info","message":"GET request received at endpoint /customer/profile","timestamp":"2023-02-19T02:05:46.749Z"}
{"level":"info","message":"GET request received at endpoint /customer/profile","timestamp":"2023-02-19T02:05:59.033Z"}
{"level":"info","message":"GET request received at endpoint /customer/profile","timestamp":"2023-02-19T02:06:00.569Z"}
{"level":"info","message":"PATCH request received at endpoint /customer/profile","timestamp":"2023-02-19T02:06:13.320Z"}
{"level":"info","message":"GET request received at endpoint /customer/profile","timestamp":"2023-02-19T02:16:16.983Z"}
{"level":"info","message":"PATCH request received at endpoint /update/profile","timestamp":"2023-02-19T02:16:22.411Z"}
{"level":"info","message":"POST request received at endpoint /login","timestamp":"2023-02-19T02:17:47.311Z"}
{"level":"info","message":"GET request received at endpoint /products","timestamp":"2023-02-19T02:17:49.108Z"}
{"level":"info","message":"GET request received at endpoint /products","timestamp":"2023-02-19T02:17:49.299Z"}
{"level":"info","message":"GET request received at endpoint /customer/profile","timestamp":"2023-02-19T02:17:52.153Z"}
{"level":"info","message":"GET request received at endpoint /customer/profile","timestamp":"2023-02-19T02:17:52.409Z"}
{"level":"info","message":"GET request received at endpoint /customer/profile","timestamp":"2023-02-19T02:20:31.378Z"}
{"level":"info","message":"GET request received at endpoint /customer/profile","timestamp":"2023-02-19T02:21:20.607Z"}
{"level":"info","message":"GET request received at endpoint /customer/profile","timestamp":"2023-02-19T02:21:21.027Z"}
{"level":"info","message":"GET request received at endpoint /customer/profile","timestamp":"2023-02-19T02:21:21.197Z"}
{"level":"info","message":"GET request received at endpoint /customer/profile","timestamp":"2023-02-19T02:21:37.501Z"}
{"level":"info","message":"GET request received at endpoint /customer/profile","timestamp":"2023-02-19T02:21:56.150Z"}
{"level":"info","message":"GET request received at endpoint /customer/profile","timestamp":"2023-02-19T02:22:02.013Z"}
{"level":"info","message":"PATCH request received at endpoint /update/profile","timestamp":"2023-02-19T02:22:19.833Z"}
{"level":"info","message":"GET request received at endpoint /customer/profile","timestamp":"2023-02-19T02:25:33.977Z"}
{"level":"info","message":"GET request received at endpoint /customer/profile","timestamp":"2023-02-19T02:25:35.308Z"}
{"level":"info","message":"POST request received at endpoint /login","timestamp":"2023-02-19T02:25:41.311Z"}
{"level":"info","message":"GET request received at endpoint /products","timestamp":"2023-02-19T02:25:43.028Z"}
{"level":"info","message":"GET request received at endpoint /products","timestamp":"2023-02-19T02:25:43.289Z"}
{"level":"info","message":"GET request received at endpoint /customer/profile","timestamp":"2023-02-19T02:25:45.972Z"}
{"level":"info","message":"GET request received at endpoint /customer/profile","timestamp":"2023-02-19T02:25:46.190Z"}
{"level":"info","message":"GET request received at endpoint /customer/profile","timestamp":"2023-02-19T02:26:26.725Z"}
{"level":"info","message":"GET request received at endpoint /customer/profile","timestamp":"2023-02-19T02:26:26.957Z"}
{"level":"info","message":"GET request received at endpoint /customer/profile","timestamp":"2023-02-19T02:27:07.253Z"}
{"level":"info","message":"GET request received at endpoint /customer/profile","timestamp":"2023-02-19T02:27:14.478Z"}
{"level":"info","message":"GET request received at endpoint /customer/profile","timestamp":"2023-02-19T02:30:31.106Z"}
{"level":"info","message":"GET request received at endpoint /customer/profile","timestamp":"2023-02-19T02:30:31.451Z"}
{"level":"info","message":"GET request received at endpoint /customer/profile","timestamp":"2023-02-19T02:31:50.451Z"}
{"level":"info","message":"GET request received at endpoint /customer/profile","timestamp":"2023-02-19T02:32:03.362Z"}
{"level":"info","message":"GET request received at endpoint /customer/profile","timestamp":"2023-02-19T02:32:15.225Z"}
{"level":"info","message":"GET request received at endpoint /customer/profile","timestamp":"2023-02-19T02:32:15.500Z"}
{"level":"info","message":"GET request received at endpoint /customer/profile","timestamp":"2023-02-19T02:32:21.539Z"}
{"level":"info","message":"GET request received at endpoint /customer/profile","timestamp":"2023-02-19T02:33:49.712Z"}
{"level":"info","message":"GET request received at endpoint /customer/profile","timestamp":"2023-02-19T02:33:49.961Z"}
{"level":"info","message":"GET request received at endpoint /customer/profile","timestamp":"2023-02-19T02:33:50.207Z"}
{"level":"info","message":"GET request received at endpoint /customer/profile","timestamp":"2023-02-19T02:33:54.576Z"}
{"level":"info","message":"GET request received at endpoint /customer/profile","timestamp":"2023-02-19T02:34:08.117Z"}
{"level":"info","message":"GET request received at endpoint /customer/profile","timestamp":"2023-02-19T02:34:08.376Z"}
{"level":"info","message":"GET request received at endpoint /customer/profile","timestamp":"2023-02-19T02:36:14.027Z"}
{"level":"info","message":"GET request received at endpoint /customer/profile","timestamp":"2023-02-19T02:46:55.101Z"}
{"level":"info","message":"GET request received at endpoint /customer/profile","timestamp":"2023-02-19T02:46:55.496Z"}
{"level":"info","message":"POST request received at endpoint /login","timestamp":"2023-02-19T18:15:59.290Z"}
{"level":"info","message":"GET request received at endpoint /products","timestamp":"2023-02-19T18:16:01.791Z"}
{"level":"info","message":"GET request received at endpoint /products","timestamp":"2023-02-19T18:16:02.248Z"}
{"level":"info","message":"GET request received at endpoint /customer/profile","timestamp":"2023-02-19T18:16:03.873Z"}
{"level":"info","message":"GET request received at endpoint /customer/profile","timestamp":"2023-02-19T18:16:04.120Z"}
{"level":"info","message":"GET request received at endpoint /customer/profile","timestamp":"2023-02-19T18:19:27.346Z"}
{"level":"info","message":"GET request received at endpoint /customer/profile","timestamp":"2023-02-19T18:19:27.789Z"}
{"level":"info","message":"GET request received at endpoint /customer/profile","timestamp":"2023-02-19T18:19:27.948Z"}
{"level":"info","message":"GET request received at endpoint /customer/profile","timestamp":"2023-02-19T18:20:30.441Z"}
{"level":"info","message":"GET request received at endpoint /customer/profile","timestamp":"2023-02-19T18:20:30.749Z"}
{"level":"info","message":"GET request received at endpoint /customer/profile","timestamp":"2023-02-19T18:21:18.600Z"}
{"level":"info","message":"GET request received at endpoint /customer/profile","timestamp":"2023-02-19T18:21:20.923Z"}
{"level":"info","message":"GET request received at endpoint /customer/profile","timestamp":"2023-02-19T18:21:23.196Z"}
{"level":"info","message":"GET request received at endpoint /customer/profile","timestamp":"2023-02-19T18:21:32.018Z"}
{"level":"info","message":"GET request received at endpoint /customer/profile","timestamp":"2023-02-19T18:21:32.826Z"}
{"level":"info","message":"GET request received at endpoint /customer/profile","timestamp":"2023-02-19T18:21:39.899Z"}
{"level":"info","message":"GET request received at endpoint /customer/profile","timestamp":"2023-02-19T18:21:42.386Z"}
{"level":"info","message":"GET request received at endpoint /customer/profile","timestamp":"2023-02-19T18:21:51.838Z"}
{"level":"info","message":"GET request received at endpoint /customer/profile","timestamp":"2023-02-19T18:22:11.330Z"}
{"level":"info","message":"GET request received at endpoint /customer/profile","timestamp":"2023-02-19T18:22:11.631Z"}
{"level":"info","message":"GET request received at endpoint /customer/profile","timestamp":"2023-02-19T18:22:19.382Z"}
{"level":"info","message":"GET request received at endpoint /customer/profile","timestamp":"2023-02-19T18:22:30.654Z"}
{"level":"info","message":"GET request received at endpoint /customer/profile","timestamp":"2023-02-19T18:22:34.497Z"}
{"level":"info","message":"GET request received at endpoint /customer/profile","timestamp":"2023-02-19T18:22:53.612Z"}
{"level":"info","message":"GET request received at endpoint /customer/profile","timestamp":"2023-02-19T18:22:53.851Z"}
{"level":"info","message":"GET request received at endpoint /customer/profile","timestamp":"2023-02-19T18:23:16.017Z"}
{"level":"info","message":"GET request received at endpoint /customer/profile","timestamp":"2023-02-19T18:23:16.250Z"}
{"level":"info","message":"GET request received at endpoint /customer/profile","timestamp":"2023-02-19T18:23:23.076Z"}
{"level":"info","message":"GET request received at endpoint /customer/profile","timestamp":"2023-02-19T18:23:29.908Z"}
{"level":"info","message":"GET request received at endpoint /customer/profile","timestamp":"2023-02-19T18:23:32.826Z"}
{"level":"info","message":"GET request received at endpoint /customer/profile","timestamp":"2023-02-19T18:24:02.330Z"}
{"level":"info","message":"GET request received at endpoint /customer/profile","timestamp":"2023-02-19T18:24:04.834Z"}
{"level":"info","message":"GET request received at endpoint /customer/profile","timestamp":"2023-02-19T18:24:15.997Z"}
{"level":"info","message":"GET request received at endpoint /customer/profile","timestamp":"2023-02-19T18:24:32.892Z"}
{"level":"info","message":"GET request received at endpoint /customer/profile","timestamp":"2023-02-19T18:24:38.688Z"}
{"level":"info","message":"GET request received at endpoint /customer/profile","timestamp":"2023-02-19T18:24:47.756Z"}
{"level":"info","message":"GET request received at endpoint /customer/profile","timestamp":"2023-02-19T18:24:56.631Z"}
{"level":"info","message":"GET request received at endpoint /customer/profile","timestamp":"2023-02-19T18:25:08.820Z"}
{"level":"info","message":"GET request received at endpoint /customer/profile","timestamp":"2023-02-19T18:25:17.863Z"}
{"level":"info","message":"GET request received at endpoint /customer/profile","timestamp":"2023-02-19T18:25:35.319Z"}
{"level":"info","message":"GET request received at endpoint /customer/profile","timestamp":"2023-02-19T18:25:38.329Z"}
{"level":"info","message":"GET request received at endpoint /customer/profile","timestamp":"2023-02-19T18:25:48.005Z"}
{"level":"info","message":"GET request received at endpoint /customer/profile","timestamp":"2023-02-19T18:26:21.487Z"}
{"level":"info","message":"GET request received at endpoint /customer/profile","timestamp":"2023-02-19T18:26:32.354Z"}
{"level":"info","message":"GET request received at endpoint /customer/profile","timestamp":"2023-02-19T18:26:34.796Z"}
{"level":"info","message":"GET request received at endpoint /customer/profile","timestamp":"2023-02-19T18:26:39.755Z"}
{"level":"info","message":"GET request received at endpoint /customer/profile","timestamp":"2023-02-19T18:26:47.858Z"}
{"level":"info","message":"GET request received at endpoint /customer/profile","timestamp":"2023-02-19T18:27:25.481Z"}
{"level":"info","message":"GET request received at endpoint /customer/profile","timestamp":"2023-02-19T18:27:27.227Z"}
{"level":"info","message":"GET request received at endpoint /customer/profile","timestamp":"2023-02-19T18:27:30.145Z"}
{"level":"info","message":"GET request received at endpoint /customer/profile","timestamp":"2023-02-19T18:27:46.471Z"}
{"level":"info","message":"GET request received at endpoint /customer/profile","timestamp":"2023-02-19T18:27:48.168Z"}
{"level":"info","message":"GET request received at endpoint /customer/profile","timestamp":"2023-02-19T18:28:12.324Z"}
{"level":"info","message":"GET request received at endpoint /customer/profile","timestamp":"2023-02-19T18:29:19.449Z"}
{"level":"info","message":"GET request received at endpoint /customer/profile","timestamp":"2023-02-19T18:29:19.778Z"}
{"level":"info","message":"PATCH request received at endpoint /update/profile","timestamp":"2023-02-19T18:29:36.445Z"}
{"level":"info","message":"PATCH request received at endpoint /update/profile","timestamp":"2023-02-19T18:30:48.198Z"}
{"level":"info","message":"PATCH request received at endpoint /update/profile","timestamp":"2023-02-19T18:31:07.577Z"}
{"level":"info","message":"PATCH request received at endpoint /update/profile","timestamp":"2023-02-19T18:31:35.699Z"}
{"level":"info","message":"POST request received at endpoint /login","timestamp":"2023-02-19T18:54:48.250Z"}
{"level":"info","message":"GET request received at endpoint /products","timestamp":"2023-02-19T18:54:51.179Z"}
{"level":"info","message":"GET request received at endpoint /products","timestamp":"2023-02-19T18:54:51.455Z"}
{"level":"info","message":"GET request received at endpoint /customer/profile","timestamp":"2023-02-19T18:54:53.081Z"}
{"level":"info","message":"GET request received at endpoint /customer/profile","timestamp":"2023-02-19T18:54:53.276Z"}
{"level":"info","message":"GET request received at endpoint /customer/profile","timestamp":"2023-02-19T19:07:28.920Z"}
{"level":"info","message":"GET request received at endpoint /customer/profile","timestamp":"2023-02-19T19:11:12.002Z"}
{"level":"info","message":"GET request received at endpoint /customer/profile","timestamp":"2023-02-19T19:11:12.405Z"}
{"level":"info","message":"GET request received at endpoint /products","timestamp":"2023-02-19T19:12:28.229Z"}
{"level":"info","message":"GET request received at endpoint /products","timestamp":"2023-02-19T19:12:29.146Z"}
{"level":"info","message":"GET request received at endpoint /customer/profile","timestamp":"2023-02-19T19:12:29.579Z"}
{"level":"info","message":"GET request received at endpoint /customer/profile","timestamp":"2023-02-19T19:12:30.326Z"}
{"level":"info","message":"GET request received at endpoint /customer/profile","timestamp":"2023-02-19T19:12:53.746Z"}
{"level":"info","message":"GET request received at endpoint /customer/profile","timestamp":"2023-02-19T19:12:54.133Z"}
{"level":"info","message":"GET request received at endpoint /customer/profile","timestamp":"2023-02-19T19:13:01.143Z"}
{"level":"info","message":"GET request received at endpoint /customer/profile","timestamp":"2023-02-19T19:13:01.623Z"}
{"level":"info","message":"GET request received at endpoint /customer/profile","timestamp":"2023-02-19T19:13:29.815Z"}
{"level":"info","message":"GET request received at endpoint /customer/profile","timestamp":"2023-02-19T19:13:37.695Z"}
{"level":"info","message":"GET request received at endpoint /customer/profile","timestamp":"2023-02-19T19:13:38.167Z"}
{"level":"info","message":"POST request received at endpoint /login","timestamp":"2023-02-19T19:51:07.594Z"}
{"level":"info","message":"GET request received at endpoint /products","timestamp":"2023-02-19T19:51:09.918Z"}
{"level":"info","message":"GET request received at endpoint /products","timestamp":"2023-02-19T19:51:11.940Z"}
{"level":"info","message":"GET request received at endpoint /customer/profile","timestamp":"2023-02-19T19:51:12.909Z"}
{"level":"info","message":"GET request received at endpoint /customer/profile","timestamp":"2023-02-19T19:51:13.312Z"}
{"level":"info","message":"GET request received at endpoint /customer/profile","timestamp":"2023-02-19T20:11:59.051Z"}
{"level":"info","message":"GET request received at endpoint /customer/profile","timestamp":"2023-02-19T20:11:59.828Z"}
{"level":"info","message":"PATCH request received at endpoint /update/profile","timestamp":"2023-02-19T22:15:13.799Z"}
{"level":"info","message":"PATCH request received at endpoint /update/profile","timestamp":"2023-02-19T22:19:15.197Z"}
{"level":"info","message":"PATCH request received at endpoint /update/profile","timestamp":"2023-02-19T22:20:41.139Z"}
{"level":"info","message":"PATCH request received at endpoint /update/profile","timestamp":"2023-02-19T22:24:10.691Z"}
{"level":"info","message":"PATCH request received at endpoint /update/profile","timestamp":"2023-02-19T22:26:16.941Z"}
{"level":"info","message":"PATCH request received at endpoint /update/profile","timestamp":"2023-02-19T22:28:44.138Z"}
{"level":"info","message":"PATCH request received at endpoint /update/profile","timestamp":"2023-02-19T22:30:29.608Z"}
{"level":"info","message":"POST request received at endpoint /login","timestamp":"2023-02-19T22:33:21.772Z"}
{"level":"info","message":"GET request received at endpoint /products","timestamp":"2023-02-19T22:33:24.786Z"}
{"level":"info","message":"GET request received at endpoint /products","timestamp":"2023-02-19T22:33:25.430Z"}
{"level":"info","message":"GET request received at endpoint /customer/profile","timestamp":"2023-02-19T22:33:25.903Z"}
{"level":"info","message":"GET request received at endpoint /customer/profile","timestamp":"2023-02-19T22:33:26.740Z"}
{"level":"info","message":"PATCH request received at endpoint /update/profile","timestamp":"2023-02-19T22:35:04.552Z"}
{"level":"info","message":"PATCH request received at endpoint /update/profile","timestamp":"2023-02-19T22:41:48.320Z"}
{"level":"info","message":"GET request received at endpoint /customer/profile","timestamp":"2023-02-19T22:42:10.124Z"}
{"level":"info","message":"GET request received at endpoint /customer/profile","timestamp":"2023-02-19T22:42:12.415Z"}
{"level":"info","message":"POST request received at endpoint /login","timestamp":"2023-02-19T22:42:12.870Z"}
{"level":"info","message":"GET request received at endpoint /products","timestamp":"2023-02-19T22:42:15.242Z"}
{"level":"info","message":"GET request received at endpoint /products","timestamp":"2023-02-19T22:42:15.700Z"}
{"level":"info","message":"GET request received at endpoint /customer/profile","timestamp":"2023-02-19T22:42:17.332Z"}
{"level":"info","message":"GET request received at endpoint /customer/profile","timestamp":"2023-02-19T22:42:18.253Z"}
{"level":"info","message":"PATCH request received at endpoint /update/profile","timestamp":"2023-02-19T22:42:23.125Z"}
{"level":"info","message":"POST request received at endpoint /login","timestamp":"2023-02-19T22:47:00.321Z"}
{"level":"info","message":"POST request received at endpoint /login","timestamp":"2023-02-19T22:47:03.922Z"}
{"level":"info","message":"GET request received at endpoint /products","timestamp":"2023-02-19T22:47:08.950Z"}
{"level":"info","message":"GET request received at endpoint /products","timestamp":"2023-02-19T22:47:09.655Z"}
{"level":"info","message":"GET request received at endpoint /customer/profile","timestamp":"2023-02-19T22:47:11.089Z"}
{"level":"info","message":"GET request received at endpoint /customer/profile","timestamp":"2023-02-19T22:47:11.477Z"}
{"level":"info","message":"PATCH request received at endpoint /update/profile","timestamp":"2023-02-19T22:47:18.966Z"}
{"level":"info","message":"POST request received at endpoint /login","timestamp":"2023-02-19T22:48:26.429Z"}
{"level":"info","message":"POST request received at endpoint /login","timestamp":"2023-02-19T22:48:28.544Z"}
{"level":"info","message":"GET request received at endpoint /products","timestamp":"2023-02-19T22:48:31.621Z"}
{"level":"info","message":"GET request received at endpoint /products","timestamp":"2023-02-19T22:48:31.985Z"}
{"level":"info","message":"GET request received at endpoint /customer/profile","timestamp":"2023-02-19T22:48:33.332Z"}
{"level":"info","message":"GET request received at endpoint /customer/profile","timestamp":"2023-02-19T22:48:53.331Z"}
{"level":"info","message":"POST request received at endpoint /login","timestamp":"2023-02-19T22:52:02.343Z"}
{"level":"info","message":"GET request received at endpoint /products","timestamp":"2023-02-19T22:52:06.126Z"}
{"level":"info","message":"GET request received at endpoint /products","timestamp":"2023-02-19T22:52:07.242Z"}
{"level":"info","message":"GET request received at endpoint /customer/profile","timestamp":"2023-02-19T22:52:08.872Z"}
{"level":"info","message":"GET request received at endpoint /customer/profile","timestamp":"2023-02-19T22:52:09.698Z"}
{"level":"info","message":"POST request received at endpoint /login","timestamp":"2023-02-19T22:53:24.185Z"}
{"level":"info","message":"GET request received at endpoint /products","timestamp":"2023-02-19T22:53:26.200Z"}
{"level":"info","message":"GET request received at endpoint /products","timestamp":"2023-02-19T22:53:26.948Z"}
{"level":"info","message":"GET request received at endpoint /customer/profile","timestamp":"2023-02-19T22:53:27.782Z"}
{"level":"info","message":"GET request received at endpoint /customer/profile","timestamp":"2023-02-19T22:53:28.059Z"}
{"level":"info","message":"POST request received at endpoint /login","timestamp":"2023-02-19T22:56:45.127Z"}
{"level":"info","message":"GET request received at endpoint /products","timestamp":"2023-02-19T22:56:47.485Z"}
{"level":"info","message":"GET request received at endpoint /products","timestamp":"2023-02-19T22:56:49.851Z"}
{"level":"info","message":"GET request received at endpoint /customer/profile","timestamp":"2023-02-19T22:56:51.539Z"}
{"level":"info","message":"GET request received at endpoint /customer/profile","timestamp":"2023-02-19T22:56:52.749Z"}
{"level":"info","message":"PATCH request received at endpoint /update/profile","timestamp":"2023-02-19T22:57:00.934Z"}
{"level":"info","message":"POST request received at endpoint /login","timestamp":"2023-02-19T23:01:44.982Z"}
{"level":"info","message":"GET request received at endpoint /products","timestamp":"2023-02-19T23:01:48.187Z"}
{"level":"info","message":"GET request received at endpoint /products","timestamp":"2023-02-19T23:01:48.891Z"}
{"level":"info","message":"GET request received at endpoint /customer/profile","timestamp":"2023-02-19T23:01:49.845Z"}
{"level":"info","message":"GET request received at endpoint /customer/profile","timestamp":"2023-02-19T23:01:50.535Z"}
{"level":"info","message":"POST request received at endpoint /login","timestamp":"2023-02-19T23:09:12.986Z"}
{"level":"info","message":"GET request received at endpoint /products","timestamp":"2023-02-19T23:09:21.386Z"}
{"level":"info","message":"GET request received at endpoint /products","timestamp":"2023-02-19T23:09:21.633Z"}
{"level":"info","message":"GET request received at endpoint /customer/profile","timestamp":"2023-02-19T23:09:23.106Z"}
{"level":"info","message":"GET request received at endpoint /customer/profile","timestamp":"2023-02-19T23:09:25.027Z"}
{"level":"info","message":"PATCH request received at endpoint /update/profile","timestamp":"2023-02-19T23:09:28.894Z"}
{"level":"info","message":"POST request received at endpoint /customer/profile","timestamp":"2023-02-19T23:13:35.073Z"}
{"level":"info","message":"GET request received at endpoint /customer/profile","timestamp":"2023-02-19T23:15:04.934Z"}
{"level":"info","message":"POST request received at endpoint /update/profile","timestamp":"2023-02-19T23:15:47.451Z"}
{"level":"info","message":"POST request received at endpoint /login","timestamp":"2023-02-19T23:21:35.524Z"}
{"level":"info","message":"GET request received at endpoint /products","timestamp":"2023-02-19T23:21:41.384Z"}
{"level":"info","message":"GET request received at endpoint /products","timestamp":"2023-02-19T23:21:42.529Z"}
{"level":"info","message":"GET request received at endpoint /customer/profile","timestamp":"2023-02-19T23:21:43.147Z"}
{"level":"info","message":"GET request received at endpoint /customer/profile","timestamp":"2023-02-19T23:21:43.674Z"}
{"level":"info","message":"PATCH request received at endpoint /update/profile","timestamp":"2023-02-19T23:21:48.773Z"}
{"level":"info","message":"POST request received at endpoint /login","timestamp":"2023-02-19T23:49:19.809Z"}
{"level":"info","message":"GET request received at endpoint /products","timestamp":"2023-02-19T23:49:27.309Z"}
{"level":"info","message":"GET request received at endpoint /customer/profile","timestamp":"2023-02-19T23:49:28.614Z"}
{"level":"info","message":"GET request received at endpoint /products","timestamp":"2023-02-19T23:49:29.011Z"}
{"level":"info","message":"GET request received at endpoint /customer/profile","timestamp":"2023-02-19T23:49:29.022Z"}
{"level":"info","message":"PATCH request received at endpoint /update/profile","timestamp":"2023-02-19T23:49:53.322Z"}
{"level":"info","message":"POST request received at endpoint /login","timestamp":"2023-02-19T23:55:37.140Z"}
{"level":"info","message":"GET request received at endpoint /products","timestamp":"2023-02-19T23:55:39.478Z"}
{"level":"info","message":"GET request received at endpoint /products","timestamp":"2023-02-19T23:55:39.692Z"}
{"level":"info","message":"GET request received at endpoint /customer/profile","timestamp":"2023-02-19T23:55:41.273Z"}
{"level":"info","message":"GET request received at endpoint /customer/profile","timestamp":"2023-02-19T23:55:41.583Z"}
{"level":"info","message":"GET request received at endpoint /customer/profile","timestamp":"2023-02-20T00:00:38.176Z"}
{"level":"info","message":"GET request received at endpoint /customer/profile","timestamp":"2023-02-20T00:00:47.331Z"}
{"level":"info","message":"GET request received at endpoint /customer/profile","timestamp":"2023-02-20T00:01:30.220Z"}
{"level":"info","message":"GET request received at endpoint /customer/profile","timestamp":"2023-02-20T00:01:30.551Z"}
{"level":"info","message":"PATCH request received at endpoint /update/profile","timestamp":"2023-02-20T00:01:50.816Z"}
{"level":"info","message":"POST request received at endpoint /login","timestamp":"2023-02-20T00:06:35.762Z"}
{"level":"info","message":"GET request received at endpoint /products","timestamp":"2023-02-20T00:06:38.508Z"}
{"level":"info","message":"GET request received at endpoint /products","timestamp":"2023-02-20T00:06:39.660Z"}
{"level":"info","message":"GET request received at endpoint /customer/profile","timestamp":"2023-02-20T00:06:40.528Z"}
{"level":"info","message":"GET request received at endpoint /customer/profile","timestamp":"2023-02-20T00:06:41.460Z"}
{"level":"info","message":"PATCH request received at endpoint /update/profile","timestamp":"2023-02-20T00:06:44.976Z"}
{"level":"info","message":"PATCH request received at endpoint /update/profile","timestamp":"2023-02-20T00:09:06.911Z"}
{"level":"info","message":"PATCH request received at endpoint /update/profile","timestamp":"2023-02-20T00:16:35.150Z"}
{"level":"info","message":"POST request received at endpoint /login","timestamp":"2023-02-20T00:18:14.376Z"}
{"level":"info","message":"GET request received at endpoint /products","timestamp":"2023-02-20T00:18:16.628Z"}
{"level":"info","message":"GET request received at endpoint /products","timestamp":"2023-02-20T00:18:18.047Z"}
{"level":"info","message":"GET request received at endpoint /customer/profile","timestamp":"2023-02-20T00:18:19.190Z"}
{"level":"info","message":"GET request received at endpoint /customer/profile","timestamp":"2023-02-20T00:18:19.477Z"}
{"level":"info","message":"PATCH request received at endpoint /update/profile","timestamp":"2023-02-20T00:18:23.629Z"}
{"level":"info","message":"GET request received at endpoint /customer/profile","timestamp":"2023-02-20T00:18:33.026Z"}
{"level":"info","message":"GET request received at endpoint /customer/profile","timestamp":"2023-02-20T00:18:33.427Z"}
{"level":"info","message":"GET request received at endpoint /customer/profile","timestamp":"2023-02-20T01:15:51.205Z"}
{"level":"info","message":"GET request received at endpoint /customer/profile","timestamp":"2023-02-20T01:15:52.599Z"}
{"level":"info","message":"POST request received at endpoint /login","timestamp":"2023-02-20T01:16:08.004Z"}
{"level":"info","message":"POST request received at endpoint /login","timestamp":"2023-02-20T01:16:37.373Z"}
{"level":"info","message":"POST request received at endpoint /login","timestamp":"2023-02-20T01:17:24.639Z"}
{"level":"info","message":"GET request received at endpoint /products","timestamp":"2023-02-20T01:17:30.742Z"}
{"level":"info","message":"GET request received at endpoint /products","timestamp":"2023-02-20T01:17:31.170Z"}
{"level":"info","message":"POST request received at endpoint /login","timestamp":"2023-02-20T01:18:27.283Z"}
{"level":"info","message":"POST request received at endpoint /login","timestamp":"2023-02-20T01:18:32.185Z"}
{"level":"info","message":"POST request received at endpoint /login","timestamp":"2023-02-20T01:18:46.921Z"}
{"level":"info","message":"GET request received at endpoint /products","timestamp":"2023-02-20T01:18:50.225Z"}
{"level":"info","message":"GET request received at endpoint /products","timestamp":"2023-02-20T01:18:50.671Z"}
{"level":"info","message":"POST request received at endpoint /login","timestamp":"2023-02-20T01:18:57.717Z"}
{"level":"info","message":"POST request received at endpoint /login","timestamp":"2023-02-20T01:19:31.449Z"}
{"level":"info","message":"POST request received at endpoint /login","timestamp":"2023-02-20T01:19:34.651Z"}
{"level":"info","message":"POST request received at endpoint /login","timestamp":"2023-02-20T01:19:43.960Z"}
{"level":"info","message":"POST request received at endpoint /register","timestamp":"2023-02-20T01:20:20.137Z"}
{"level":"info","message":"POST request received at endpoint /register","timestamp":"2023-02-20T01:20:26.185Z"}
{"level":"info","message":"POST request received at endpoint /login","timestamp":"2023-02-20T01:20:34.819Z"}
{"level":"info","message":"GET request received at endpoint /products","timestamp":"2023-02-20T01:20:36.528Z"}
{"level":"info","message":"GET request received at endpoint /products","timestamp":"2023-02-20T01:20:36.903Z"}
{"level":"info","message":"GET request received at endpoint /customer/profile","timestamp":"2023-02-20T01:20:38.743Z"}
{"level":"info","message":"GET request received at endpoint /customer/profile","timestamp":"2023-02-20T01:20:38.903Z"}
{"level":"info","message":"PATCH request received at endpoint /update/profile","timestamp":"2023-02-20T01:20:51.781Z"}
{"level":"info","message":"POST request received at endpoint /login","timestamp":"2023-02-20T01:30:22.016Z"}
{"level":"info","message":"GET request received at endpoint /products","timestamp":"2023-02-20T01:30:23.856Z"}
{"level":"info","message":"GET request received at endpoint /products","timestamp":"2023-02-20T01:30:24.700Z"}
{"level":"info","message":"GET request received at endpoint /customer/profile","timestamp":"2023-02-20T01:30:24.997Z"}
{"level":"info","message":"GET request received at endpoint /customer/profile","timestamp":"2023-02-20T01:30:25.190Z"}
{"level":"info","message":"PATCH request received at endpoint /update/profile","timestamp":"2023-02-20T01:30:39.909Z"}
{"level":"info","message":"POST request received at endpoint /login","timestamp":"2023-02-20T01:32:25.392Z"}
{"level":"info","message":"GET request received at endpoint /products","timestamp":"2023-02-20T01:32:27.088Z"}
{"level":"info","message":"GET request received at endpoint /products","timestamp":"2023-02-20T01:32:27.407Z"}
{"level":"info","message":"GET request received at endpoint /customer/profile","timestamp":"2023-02-20T01:32:28.872Z"}
{"level":"info","message":"GET request received at endpoint /customer/profile","timestamp":"2023-02-20T01:32:29.169Z"}
{"level":"info","message":"PATCH request received at endpoint /update/profile","timestamp":"2023-02-20T01:32:34.364Z"}
{"level":"info","message":"POST request received at endpoint /login","timestamp":"2023-02-20T01:34:08.895Z"}
{"level":"info","message":"GET request received at endpoint /products","timestamp":"2023-02-20T01:34:10.264Z"}
{"level":"info","message":"GET request received at endpoint /products","timestamp":"2023-02-20T01:34:10.710Z"}
{"level":"info","message":"GET request received at endpoint /customer/profile","timestamp":"2023-02-20T01:34:11.942Z"}
{"level":"info","message":"GET request received at endpoint /customer/profile","timestamp":"2023-02-20T01:34:12.177Z"}
{"level":"info","message":"PATCH request received at endpoint /update/profile","timestamp":"2023-02-20T01:34:30.274Z"}
{"level":"info","message":"POST request received at endpoint /login","timestamp":"2023-02-20T01:36:30.774Z"}
{"level":"info","message":"GET request received at endpoint /products","timestamp":"2023-02-20T01:36:32.588Z"}
{"level":"info","message":"GET request received at endpoint /products","timestamp":"2023-02-20T01:36:32.930Z"}
{"level":"info","message":"GET request received at endpoint /customer/profile","timestamp":"2023-02-20T01:36:34.560Z"}
{"level":"info","message":"GET request received at endpoint /customer/profile","timestamp":"2023-02-20T01:36:34.764Z"}
{"level":"info","message":"PUT request received at endpoint /update/profile","timestamp":"2023-02-20T01:36:50.042Z"}
{"level":"info","message":"POST request received at endpoint /login","timestamp":"2023-02-20T01:57:40.384Z"}
{"level":"info","message":"GET request received at endpoint /products","timestamp":"2023-02-20T01:57:42.665Z"}
{"level":"info","message":"GET request received at endpoint /products","timestamp":"2023-02-20T01:57:42.867Z"}
{"level":"info","message":"GET request received at endpoint /customer/profile","timestamp":"2023-02-20T01:57:44.491Z"}
{"level":"info","message":"GET request received at endpoint /customer/profile","timestamp":"2023-02-20T01:57:44.648Z"}
{"level":"info","message":"PATCH request received at endpoint /update/profile","timestamp":"2023-02-20T01:57:53.071Z"}
{"level":"info","message":"POST request received at endpoint /login","timestamp":"2023-02-20T02:08:22.162Z"}
{"level":"info","message":"GET request received at endpoint /products","timestamp":"2023-02-20T02:08:24.008Z"}
{"level":"info","message":"GET request received at endpoint /products","timestamp":"2023-02-20T02:08:25.357Z"}
{"level":"info","message":"GET request received at endpoint /customer/profile","timestamp":"2023-02-20T02:08:26.818Z"}
{"level":"info","message":"GET request received at endpoint /customer/profile","timestamp":"2023-02-20T02:08:27.133Z"}
{"level":"info","message":"POST request received at endpoint /update/profile","timestamp":"2023-02-20T02:08:34.149Z"}
{"level":"info","message":"POST request received at endpoint /login","timestamp":"2023-02-20T02:11:21.960Z"}
{"level":"info","message":"GET request received at endpoint /products","timestamp":"2023-02-20T02:11:25.054Z"}
{"level":"info","message":"GET request received at endpoint /products","timestamp":"2023-02-20T02:11:25.408Z"}
{"level":"info","message":"GET request received at endpoint /customer/profile","timestamp":"2023-02-20T02:11:27.106Z"}
{"level":"info","message":"GET request received at endpoint /customer/profile","timestamp":"2023-02-20T02:11:27.377Z"}
{"level":"info","message":"POST request received at endpoint /update/profile","timestamp":"2023-02-20T02:11:35.215Z"}
{"level":"info","message":"POST request received at endpoint /login","timestamp":"2023-02-20T02:22:41.870Z"}
{"level":"info","message":"POST request received at endpoint /login","timestamp":"2023-02-20T02:24:29.721Z"}
{"level":"info","message":"POST request received at endpoint /login","timestamp":"2023-02-20T02:24:38.840Z"}
{"level":"info","message":"POST request received at endpoint /login","timestamp":"2023-02-20T02:25:09.802Z"}
{"level":"info","message":"GET request received at endpoint /products","timestamp":"2023-02-20T02:25:14.409Z"}
{"level":"info","message":"GET request received at endpoint /products","timestamp":"2023-02-20T02:25:14.698Z"}
{"level":"info","message":"GET request received at endpoint /customer/profile","timestamp":"2023-02-20T02:25:18.237Z"}
{"level":"info","message":"GET request received at endpoint /customer/profile","timestamp":"2023-02-20T02:25:18.489Z"}
{"level":"info","message":"PATCH request received at endpoint /update/profile","timestamp":"2023-02-20T02:25:28.358Z"}
{"level":"info","message":"GET request received at endpoint /customer/profile","timestamp":"2023-02-20T02:25:34.513Z"}
{"level":"info","message":"GET request received at endpoint /customer/profile","timestamp":"2023-02-20T02:25:34.854Z"}
{"level":"info","message":"PATCH request received at endpoint /update/profile","timestamp":"2023-02-20T02:25:49.805Z"}
{"level":"info","message":"GET request received at endpoint /customer/profile","timestamp":"2023-02-20T02:25:51.590Z"}
{"level":"info","message":"GET request received at endpoint /customer/profile","timestamp":"2023-02-20T02:25:51.895Z"}
{"level":"info","message":"GET request received at endpoint /products","timestamp":"2023-02-20T02:26:17.224Z"}
{"level":"info","message":"GET request received at endpoint /products","timestamp":"2023-02-20T02:26:17.595Z"}
